<?xml version="1.0" encoding="UTF-8"?>
<testsuite name="StringInverterTest" tests="1" skipped="0" failures="0" errors="0" timestamp="2022-11-08T10:59:44" hostname="sergiopeixoto" time="0.003">
  <properties/>
  <testcase name="stringInverter()" classname="StringInverterTest" time="0.003"/>
  <system-out><![CDATA[]]></system-out>
  <system-err><![CDATA[]]></system-err>
</testsuite>
