<?xml version="1.0" encoding="UTF-8"?>
<testsuite name="StringReplacerTest" tests="1" skipped="0" failures="0" errors="0" timestamp="2022-11-08T10:59:44" hostname="sergiopeixoto" time="0.002">
  <properties/>
  <testcase name="stringReplacer()" classname="StringReplacerTest" time="0.002"/>
  <system-out><![CDATA[]]></system-out>
  <system-err><![CDATA[]]></system-err>
</testsuite>
