<?xml version="1.0" encoding="UTF-8"?>
<testsuite name="StringRecipeTest" tests="1" skipped="0" failures="0" errors="0" timestamp="2022-11-08T10:16:24" hostname="sergiopeixoto" time="0.001">
  <properties/>
  <testcase name="stringRecipe()" classname="StringRecipeTest" time="0.001"/>
  <system-out><![CDATA[]]></system-out>
  <system-err><![CDATA[]]></system-err>
</testsuite>
